  [1m[35m (2397.6ms)[0m  [1m[35mCREATE DATABASE "notes_weather_backend_development" ENCODING = 'unicode'[0m
  [1m[35m (1834.2ms)[0m  [1m[35mCREATE DATABASE "notes_weather_backend_test" ENCODING = 'unicode'[0m
  [1m[35m (124.7ms)[0m  [1m[35mCREATE TABLE "schema_migrations" ("version" character varying NOT NULL PRIMARY KEY)[0m
  [1m[35m (93.9ms)[0m  [1m[35mCREATE TABLE "ar_internal_metadata" ("key" character varying NOT NULL PRIMARY KEY, "value" character varying, "created_at" timestamp(6) NOT NULL, "updated_at" timestamp(6) NOT NULL)[0m
  [1m[35m (0.2ms)[0m  [1m[34mSELECT pg_try_advisory_lock(2720980215244160625)[0m
  [1m[35m (0.4ms)[0m  [1m[34mSELECT "schema_migrations"."version" FROM "schema_migrations" ORDER BY "schema_migrations"."version" ASC[0m
Migrating to DeviseCreateUsers (20201222172942)
  [1m[35m (0.2ms)[0m  [1m[35mBEGIN[0m
  [1m[35m (132.1ms)[0m  [1m[35mCREATE TABLE "users" ("id" bigserial primary key, "email" character varying DEFAULT '' NOT NULL, "encrypted_password" character varying DEFAULT '' NOT NULL, "reset_password_token" character varying, "reset_password_sent_at" timestamp, "remember_created_at" timestamp, "sign_in_count" integer DEFAULT 0 NOT NULL, "current_sign_in_at" timestamp, "last_sign_in_at" timestamp, "current_sign_in_ip" inet, "last_sign_in_ip" inet, "confirmation_token" character varying, "confirmed_at" timestamp, "confirmation_sent_at" timestamp, "unconfirmed_email" character varying, "failed_attempts" integer DEFAULT 0 NOT NULL, "unlock_token" character varying, "locked_at" timestamp, "created_at" timestamp(6) NOT NULL, "updated_at" timestamp(6) NOT NULL)[0m
  [1m[35m (50.0ms)[0m  [1m[35mCREATE UNIQUE INDEX  "index_users_on_email" ON "users"  ("email")[0m
  [1m[35m (28.1ms)[0m  [1m[35mCREATE UNIQUE INDEX  "index_users_on_reset_password_token" ON "users"  ("reset_password_token")[0m
  [1m[36mprimary::SchemaMigration Create (0.6ms)[0m  [1m[32mINSERT INTO "schema_migrations" ("version") VALUES ($1) RETURNING "version"[0m  [["version", "20201222172942"]]
  [1m[35m (18.6ms)[0m  [1m[35mCOMMIT[0m
Migrating to AddJtiToUser (20201222173501)
  [1m[35m (0.3ms)[0m  [1m[35mBEGIN[0m
  [1m[35m (0.4ms)[0m  [1m[35mALTER TABLE "users" ADD "jti" character varying[0m
  [1m[35m (34.4ms)[0m  [1m[35mCREATE UNIQUE INDEX  "index_users_on_jti" ON "users"  ("jti")[0m
  [1m[36mprimary::SchemaMigration Create (0.6ms)[0m  [1m[32mINSERT INTO "schema_migrations" ("version") VALUES ($1) RETURNING "version"[0m  [["version", "20201222173501"]]
  [1m[35m (12.1ms)[0m  [1m[35mCOMMIT[0m
Migrating to AddUsernameToUsers (20201222173659)
  [1m[35m (0.3ms)[0m  [1m[35mBEGIN[0m
  [1m[35m (0.3ms)[0m  [1m[35mALTER TABLE "users" ADD "username" character varying[0m
  [1m[35m (51.3ms)[0m  [1m[35mCREATE UNIQUE INDEX  "index_users_on_username" ON "users"  ("username")[0m
  [1m[36mprimary::SchemaMigration Create (0.4ms)[0m  [1m[32mINSERT INTO "schema_migrations" ("version") VALUES ($1) RETURNING "version"[0m  [["version", "20201222173659"]]
  [1m[35m (12.8ms)[0m  [1m[35mCOMMIT[0m
Migrating to CreateJwtBlacklist (20201222173727)
  [1m[35m (0.2ms)[0m  [1m[35mBEGIN[0m
  [1m[35m (62.8ms)[0m  [1m[35mCREATE TABLE "jwt_blacklists" ("id" bigserial primary key, "jti" character varying NOT NULL)[0m
  [1m[35m (1.4ms)[0m  [1m[35mCREATE  INDEX  "index_jwt_blacklist_on_jti" ON "jwt_blacklist"  ("jti")[0m
  [1m[35m (0.2ms)[0m  [1m[31mROLLBACK[0m
  [1m[35m (0.4ms)[0m  [1m[34mSELECT pg_advisory_unlock(2720980215244160625)[0m
  [1m[35m (0.2ms)[0m  [1m[34mSELECT pg_try_advisory_lock(2720980215244160625)[0m
  [1m[35m (0.7ms)[0m  [1m[34mSELECT "schema_migrations"."version" FROM "schema_migrations" ORDER BY "schema_migrations"."version" ASC[0m
Migrating to CreateJwtBlacklist (20201222173500)
  [1m[35m (0.2ms)[0m  [1m[35mBEGIN[0m
  [1m[35m (110.2ms)[0m  [1m[35mCREATE TABLE "jwt_blacklists" ("id" bigserial primary key, "jti" character varying NOT NULL)[0m
  [1m[35m (1.7ms)[0m  [1m[35mCREATE  INDEX  "index_jwt_blacklist_on_jti" ON "jwt_blacklist"  ("jti")[0m
  [1m[35m (0.2ms)[0m  [1m[31mROLLBACK[0m
  [1m[35m (0.2ms)[0m  [1m[34mSELECT pg_advisory_unlock(2720980215244160625)[0m
  [1m[35m (0.2ms)[0m  [1m[34mSELECT pg_try_advisory_lock(2720980215244160625)[0m
  [1m[35m (0.5ms)[0m  [1m[34mSELECT "schema_migrations"."version" FROM "schema_migrations" ORDER BY "schema_migrations"."version" ASC[0m
Migrating to CreateJwtBlacklist (20201222173500)
  [1m[35m (0.1ms)[0m  [1m[35mBEGIN[0m
  [1m[35m (98.9ms)[0m  [1m[35mCREATE TABLE "jwt_blacklists" ("id" bigserial primary key, "jti" character varying NOT NULL)[0m
  [1m[35m (1.6ms)[0m  [1m[35mCREATE  INDEX  "index_jwt_blacklist_on_jti" ON "jwt_blacklist"  ("jti")[0m
  [1m[35m (0.3ms)[0m  [1m[31mROLLBACK[0m
  [1m[35m (0.3ms)[0m  [1m[34mSELECT pg_advisory_unlock(2720980215244160625)[0m
  [1m[35m (0.2ms)[0m  [1m[34mSELECT pg_try_advisory_lock(2720980215244160625)[0m
  [1m[35m (0.7ms)[0m  [1m[34mSELECT "schema_migrations"."version" FROM "schema_migrations" ORDER BY "schema_migrations"."version" ASC[0m
Migrating to CreateNotes (20201222174146)
  [1m[35m (0.1ms)[0m  [1m[35mBEGIN[0m
  [1m[35m (94.1ms)[0m  [1m[35mCREATE TABLE "notes" ("id" bigserial primary key, "title" text, "note_description" text, "user_id" bigint NOT NULL, "created_at" timestamp(6) NOT NULL, "updated_at" timestamp(6) NOT NULL, CONSTRAINT "fk_rails_7f2323ad43"
FOREIGN KEY ("user_id")
  REFERENCES "users" ("id")
)[0m
  [1m[35m (40.9ms)[0m  [1m[35mCREATE  INDEX  "index_notes_on_user_id" ON "notes"  ("user_id")[0m
  [1m[36mprimary::SchemaMigration Create (0.4ms)[0m  [1m[32mINSERT INTO "schema_migrations" ("version") VALUES ($1) RETURNING "version"[0m  [["version", "20201222174146"]]
  [1m[35m (16.6ms)[0m  [1m[35mCOMMIT[0m
Migrating to AddStatusToNotes (20201222174211)
  [1m[35m (0.3ms)[0m  [1m[35mBEGIN[0m
  [1m[35m (128.4ms)[0m  [1m[35mALTER TABLE "notes" ADD "status" character varying DEFAULT 'Active'[0m
  [1m[36mprimary::SchemaMigration Create (0.4ms)[0m  [1m[32mINSERT INTO "schema_migrations" ("version") VALUES ($1) RETURNING "version"[0m  [["version", "20201222174211"]]
  [1m[35m (11.0ms)[0m  [1m[35mCOMMIT[0m
Migrating to CreatePlaces (20201222174226)
  [1m[35m (0.3ms)[0m  [1m[35mBEGIN[0m
  [1m[35m (130.6ms)[0m  [1m[35mCREATE TABLE "places" ("id" bigserial primary key, "name" character varying, "type_place" character varying, "iso_code" character varying, "place_id" bigint NOT NULL, "created_at" timestamp(6) NOT NULL, "updated_at" timestamp(6) NOT NULL, CONSTRAINT "fk_rails_ab0bf7bd2c"
FOREIGN KEY ("place_id")
  REFERENCES "places" ("id")
)[0m
  [1m[35m (37.8ms)[0m  [1m[35mCREATE  INDEX  "index_places_on_place_id" ON "places"  ("place_id")[0m
  [1m[36mprimary::SchemaMigration Create (0.7ms)[0m  [1m[32mINSERT INTO "schema_migrations" ("version") VALUES ($1) RETURNING "version"[0m  [["version", "20201222174226"]]
  [1m[35m (18.6ms)[0m  [1m[35mCOMMIT[0m
Migrating to CreateSearches (20201222174242)
  [1m[35m (0.3ms)[0m  [1m[35mBEGIN[0m
  [1m[35m (43.0ms)[0m  [1m[35mCREATE TABLE "searches" ("id" bigserial primary key, "place_id" bigint NOT NULL, "created_at" timestamp(6) NOT NULL, "updated_at" timestamp(6) NOT NULL, CONSTRAINT "fk_rails_5f19a702bd"
FOREIGN KEY ("place_id")
  REFERENCES "places" ("id")
)[0m
  [1m[35m (28.4ms)[0m  [1m[35mCREATE  INDEX  "index_searches_on_place_id" ON "searches"  ("place_id")[0m
  [1m[36mprimary::SchemaMigration Create (0.3ms)[0m  [1m[32mINSERT INTO "schema_migrations" ("version") VALUES ($1) RETURNING "version"[0m  [["version", "20201222174242"]]
  [1m[35m (19.0ms)[0m  [1m[35mCOMMIT[0m
Migrating to CreateWeatherDetails (20201222174302)
  [1m[35m (0.4ms)[0m  [1m[35mBEGIN[0m
  [1m[35m (64.5ms)[0m  [1m[35mCREATE TABLE "weather_details" ("id" bigserial primary key, "search_id" bigint NOT NULL, "feels_like" decimal(15,5), "humidity" decimal(15,5), "pressure" decimal(15,5), "temp" decimal(15,5), "temp_max" decimal(15,5), "temp_min" decimal(15,5), "wind_speed" decimal(15,5), "description" character varying, "created_at" timestamp(6) NOT NULL, "updated_at" timestamp(6) NOT NULL, CONSTRAINT "fk_rails_21870159c9"
FOREIGN KEY ("search_id")
  REFERENCES "searches" ("id")
)[0m
  [1m[35m (39.1ms)[0m  [1m[35mCREATE  INDEX  "index_weather_details_on_search_id" ON "weather_details"  ("search_id")[0m
  [1m[36mprimary::SchemaMigration Create (0.5ms)[0m  [1m[32mINSERT INTO "schema_migrations" ("version") VALUES ($1) RETURNING "version"[0m  [["version", "20201222174302"]]
  [1m[35m (17.5ms)[0m  [1m[35mCOMMIT[0m
Migrating to ChangeTuNullablePlaceId (20201222174318)
  [1m[35m (0.5ms)[0m  [1m[35mBEGIN[0m
  [1m[35m (2.2ms)[0m  [1m[35mALTER TABLE "places" ALTER COLUMN "place_id" TYPE bigint, ALTER COLUMN "place_id" DROP NOT NULL[0m
  [1m[36mprimary::SchemaMigration Create (0.3ms)[0m  [1m[32mINSERT INTO "schema_migrations" ("version") VALUES ($1) RETURNING "version"[0m  [["version", "20201222174318"]]
  [1m[35m (7.3ms)[0m  [1m[35mCOMMIT[0m
Migrating to AddExpDateCreatedAtAndUpdatedAtToJwtBlacklist (20201222174336)
  [1m[35m (0.3ms)[0m  [1m[35mBEGIN[0m
  [1m[35m (0.5ms)[0m  [1m[35mALTER TABLE "jwt_blacklist" ADD "exp" timestamp[0m
  [1m[35m (0.1ms)[0m  [1m[31mROLLBACK[0m
  [1m[35m (0.4ms)[0m  [1m[34mSELECT pg_advisory_unlock(2720980215244160625)[0m
  [1m[35m (0.2ms)[0m  [1m[34mSELECT pg_try_advisory_lock(2720980215244160625)[0m
  [1m[35m (0.5ms)[0m  [1m[34mSELECT "schema_migrations"."version" FROM "schema_migrations" ORDER BY "schema_migrations"."version" ASC[0m
Migrating to AddUsersToSearches (20201222174353)
  [1m[35m (0.2ms)[0m  [1m[35mBEGIN[0m
  [1m[35m (0.5ms)[0m  [1m[35mALTER TABLE "searches" ADD "user_id" bigint[0m
  [1m[35m (40.9ms)[0m  [1m[35mCREATE  INDEX  "index_searches_on_user_id" ON "searches"  ("user_id")[0m
  [1m[35m (3.6ms)[0m  [1m[35mALTER TABLE "searches" ADD CONSTRAINT "fk_rails_e192b86393"
FOREIGN KEY ("user_id")
  REFERENCES "users" ("id")
[0m
  [1m[36mprimary::SchemaMigration Create (0.3ms)[0m  [1m[32mINSERT INTO "schema_migrations" ("version") VALUES ($1) RETURNING "version"[0m  [["version", "20201222174353"]]
  [1m[35m (15.9ms)[0m  [1m[35mCOMMIT[0m
  [1m[36mActiveRecord::InternalMetadata Load (0.5ms)[0m  [1m[34mSELECT "ar_internal_metadata".* FROM "ar_internal_metadata" WHERE "ar_internal_metadata"."key" = $1 LIMIT $2[0m  [["key", "environment"], ["LIMIT", 1]]
  [1m[35m (0.1ms)[0m  [1m[35mBEGIN[0m
  [1m[36mActiveRecord::InternalMetadata Create (0.5ms)[0m  [1m[32mINSERT INTO "ar_internal_metadata" ("key", "value", "created_at", "updated_at") VALUES ($1, $2, $3, $4) RETURNING "key"[0m  [["key", "environment"], ["value", "development"], ["created_at", "2020-12-22 17:52:22.092566"], ["updated_at", "2020-12-22 17:52:22.092566"]]
  [1m[35m (13.0ms)[0m  [1m[35mCOMMIT[0m
  [1m[35m (0.4ms)[0m  [1m[34mSELECT pg_advisory_unlock(2720980215244160625)[0m
  [1m[35m (0.5ms)[0m  [1m[34mSELECT "schema_migrations"."version" FROM "schema_migrations" ORDER BY "schema_migrations"."version" ASC[0m
  [1m[35m (0.2ms)[0m  [1m[34mSELECT pg_try_advisory_lock(2720980215244160625)[0m
  [1m[35m (0.6ms)[0m  [1m[34mSELECT "schema_migrations"."version" FROM "schema_migrations" ORDER BY "schema_migrations"."version" ASC[0m
Migrating to AddJtiToUser (20201222175248)
  [1m[35m (0.2ms)[0m  [1m[35mBEGIN[0m
  [1m[35m (0.9ms)[0m  [1m[35mALTER TABLE "users" ADD "jti" character varying[0m
  [1m[35m (0.1ms)[0m  [1m[31mROLLBACK[0m
  [1m[35m (0.3ms)[0m  [1m[34mSELECT pg_advisory_unlock(2720980215244160625)[0m
  [1m[35m (0.5ms)[0m  [1m[34mSELECT "schema_migrations"."version" FROM "schema_migrations" ORDER BY "schema_migrations"."version" ASC[0m
  [1m[35m (0.3ms)[0m  [1m[34mSELECT "ar_internal_metadata"."value" FROM "ar_internal_metadata" WHERE "ar_internal_metadata"."key" = $1[0m  [["key", "environment"]]
  [1m[35m (0.2ms)[0m  [1m[34mSELECT "schema_migrations"."version" FROM "schema_migrations" ORDER BY "schema_migrations"."version" ASC[0m
  [1m[35m (0.2ms)[0m  [1m[34mSELECT "ar_internal_metadata"."value" FROM "ar_internal_metadata" WHERE "ar_internal_metadata"."key" = $1[0m  [["key", "environment"]]
  [1m[35m (0.2ms)[0m  [1m[34mSELECT "schema_migrations"."version" FROM "schema_migrations" ORDER BY "schema_migrations"."version" ASC[0m
  [1m[35m (0.2ms)[0m  [1m[34mSELECT "ar_internal_metadata"."value" FROM "ar_internal_metadata" WHERE "ar_internal_metadata"."key" = $1[0m  [["key", "environment"]]
  [1m[35m (325.8ms)[0m  [1m[35mDROP DATABASE IF EXISTS "notes_weather_backend_development"[0m
  [1m[35m (319.2ms)[0m  [1m[35mDROP DATABASE IF EXISTS "notes_weather_backend_test"[0m
  [1m[35m (814.3ms)[0m  [1m[35mCREATE DATABASE "notes_weather_backend_development" ENCODING = 'unicode'[0m
  [1m[35m (779.6ms)[0m  [1m[35mCREATE DATABASE "notes_weather_backend_test" ENCODING = 'unicode'[0m
  [1m[35m (94.1ms)[0m  [1m[35mCREATE TABLE "schema_migrations" ("version" character varying NOT NULL PRIMARY KEY)[0m
  [1m[35m (84.7ms)[0m  [1m[35mCREATE TABLE "ar_internal_metadata" ("key" character varying NOT NULL PRIMARY KEY, "value" character varying, "created_at" timestamp(6) NOT NULL, "updated_at" timestamp(6) NOT NULL)[0m
  [1m[35m (0.2ms)[0m  [1m[34mSELECT pg_try_advisory_lock(2720980215244160625)[0m
  [1m[35m (0.5ms)[0m  [1m[34mSELECT "schema_migrations"."version" FROM "schema_migrations" ORDER BY "schema_migrations"."version" ASC[0m
Migrating to DeviseCreateUsers (20201222172942)
  [1m[35m (0.2ms)[0m  [1m[35mBEGIN[0m
  [1m[35m (67.7ms)[0m  [1m[35mCREATE TABLE "users" ("id" bigserial primary key, "email" character varying DEFAULT '' NOT NULL, "encrypted_password" character varying DEFAULT '' NOT NULL, "reset_password_token" character varying, "reset_password_sent_at" timestamp, "remember_created_at" timestamp, "sign_in_count" integer DEFAULT 0 NOT NULL, "current_sign_in_at" timestamp, "last_sign_in_at" timestamp, "current_sign_in_ip" inet, "last_sign_in_ip" inet, "confirmation_token" character varying, "confirmed_at" timestamp, "confirmation_sent_at" timestamp, "unconfirmed_email" character varying, "failed_attempts" integer DEFAULT 0 NOT NULL, "unlock_token" character varying, "locked_at" timestamp, "created_at" timestamp(6) NOT NULL, "updated_at" timestamp(6) NOT NULL)[0m
  [1m[35m (28.1ms)[0m  [1m[35mCREATE UNIQUE INDEX  "index_users_on_email" ON "users"  ("email")[0m
  [1m[35m (28.2ms)[0m  [1m[35mCREATE UNIQUE INDEX  "index_users_on_reset_password_token" ON "users"  ("reset_password_token")[0m
  [1m[36mprimary::SchemaMigration Create (0.7ms)[0m  [1m[32mINSERT INTO "schema_migrations" ("version") VALUES ($1) RETURNING "version"[0m  [["version", "20201222172942"]]
  [1m[35m (10.7ms)[0m  [1m[35mCOMMIT[0m
Migrating to AddUsernameToUsers (20201222173659)
  [1m[35m (0.2ms)[0m  [1m[35mBEGIN[0m
  [1m[35m (0.5ms)[0m  [1m[35mALTER TABLE "users" ADD "username" character varying[0m
  [1m[35m (55.3ms)[0m  [1m[35mCREATE UNIQUE INDEX  "index_users_on_username" ON "users"  ("username")[0m
  [1m[36mprimary::SchemaMigration Create (0.4ms)[0m  [1m[32mINSERT INTO "schema_migrations" ("version") VALUES ($1) RETURNING "version"[0m  [["version", "20201222173659"]]
  [1m[35m (16.5ms)[0m  [1m[35mCOMMIT[0m
Migrating to CreateNotes (20201222174146)
  [1m[35m (0.2ms)[0m  [1m[35mBEGIN[0m
  [1m[35m (73.1ms)[0m  [1m[35mCREATE TABLE "notes" ("id" bigserial primary key, "title" text, "note_description" text, "user_id" bigint NOT NULL, "created_at" timestamp(6) NOT NULL, "updated_at" timestamp(6) NOT NULL, CONSTRAINT "fk_rails_7f2323ad43"
FOREIGN KEY ("user_id")
  REFERENCES "users" ("id")
)[0m
  [1m[35m (37.5ms)[0m  [1m[35mCREATE  INDEX  "index_notes_on_user_id" ON "notes"  ("user_id")[0m
  [1m[36mprimary::SchemaMigration Create (0.7ms)[0m  [1m[32mINSERT INTO "schema_migrations" ("version") VALUES ($1) RETURNING "version"[0m  [["version", "20201222174146"]]
  [1m[35m (13.0ms)[0m  [1m[35mCOMMIT[0m
Migrating to AddStatusToNotes (20201222174211)
  [1m[35m (0.2ms)[0m  [1m[35mBEGIN[0m
  [1m[35m (107.0ms)[0m  [1m[35mALTER TABLE "notes" ADD "status" character varying DEFAULT 'Active'[0m
  [1m[36mprimary::SchemaMigration Create (0.4ms)[0m  [1m[32mINSERT INTO "schema_migrations" ("version") VALUES ($1) RETURNING "version"[0m  [["version", "20201222174211"]]
  [1m[35m (15.9ms)[0m  [1m[35mCOMMIT[0m
Migrating to CreatePlaces (20201222174226)
  [1m[35m (0.3ms)[0m  [1m[35mBEGIN[0m
  [1m[35m (82.4ms)[0m  [1m[35mCREATE TABLE "places" ("id" bigserial primary key, "name" character varying, "type_place" character varying, "iso_code" character varying, "place_id" bigint NOT NULL, "created_at" timestamp(6) NOT NULL, "updated_at" timestamp(6) NOT NULL, CONSTRAINT "fk_rails_ab0bf7bd2c"
FOREIGN KEY ("place_id")
  REFERENCES "places" ("id")
)[0m
  [1m[35m (28.6ms)[0m  [1m[35mCREATE  INDEX  "index_places_on_place_id" ON "places"  ("place_id")[0m
  [1m[36mprimary::SchemaMigration Create (0.5ms)[0m  [1m[32mINSERT INTO "schema_migrations" ("version") VALUES ($1) RETURNING "version"[0m  [["version", "20201222174226"]]
  [1m[35m (14.6ms)[0m  [1m[35mCOMMIT[0m
Migrating to CreateSearches (20201222174242)
  [1m[35m (0.3ms)[0m  [1m[35mBEGIN[0m
  [1m[35m (41.8ms)[0m  [1m[35mCREATE TABLE "searches" ("id" bigserial primary key, "place_id" bigint NOT NULL, "created_at" timestamp(6) NOT NULL, "updated_at" timestamp(6) NOT NULL, CONSTRAINT "fk_rails_5f19a702bd"
FOREIGN KEY ("place_id")
  REFERENCES "places" ("id")
)[0m
  [1m[35m (28.9ms)[0m  [1m[35mCREATE  INDEX  "index_searches_on_place_id" ON "searches"  ("place_id")[0m
  [1m[36mprimary::SchemaMigration Create (0.6ms)[0m  [1m[32mINSERT INTO "schema_migrations" ("version") VALUES ($1) RETURNING "version"[0m  [["version", "20201222174242"]]
  [1m[35m (13.1ms)[0m  [1m[35mCOMMIT[0m
Migrating to CreateWeatherDetails (20201222174302)
  [1m[35m (0.2ms)[0m  [1m[35mBEGIN[0m
  [1m[35m (74.8ms)[0m  [1m[35mCREATE TABLE "weather_details" ("id" bigserial primary key, "search_id" bigint NOT NULL, "feels_like" decimal(15,5), "humidity" decimal(15,5), "pressure" decimal(15,5), "temp" decimal(15,5), "temp_max" decimal(15,5), "temp_min" decimal(15,5), "wind_speed" decimal(15,5), "description" character varying, "created_at" timestamp(6) NOT NULL, "updated_at" timestamp(6) NOT NULL, CONSTRAINT "fk_rails_21870159c9"
FOREIGN KEY ("search_id")
  REFERENCES "searches" ("id")
)[0m
  [1m[35m (32.2ms)[0m  [1m[35mCREATE  INDEX  "index_weather_details_on_search_id" ON "weather_details"  ("search_id")[0m
  [1m[36mprimary::SchemaMigration Create (0.4ms)[0m  [1m[32mINSERT INTO "schema_migrations" ("version") VALUES ($1) RETURNING "version"[0m  [["version", "20201222174302"]]
  [1m[35m (12.8ms)[0m  [1m[35mCOMMIT[0m
Migrating to ChangeTuNullablePlaceId (20201222174318)
  [1m[35m (0.2ms)[0m  [1m[35mBEGIN[0m
  [1m[35m (2.7ms)[0m  [1m[35mALTER TABLE "places" ALTER COLUMN "place_id" TYPE bigint, ALTER COLUMN "place_id" DROP NOT NULL[0m
  [1m[36mprimary::SchemaMigration Create (0.4ms)[0m  [1m[32mINSERT INTO "schema_migrations" ("version") VALUES ($1) RETURNING "version"[0m  [["version", "20201222174318"]]
  [1m[35m (9.1ms)[0m  [1m[35mCOMMIT[0m
Migrating to AddUsersToSearches (20201222174353)
  [1m[35m (0.2ms)[0m  [1m[35mBEGIN[0m
  [1m[35m (1.5ms)[0m  [1m[35mALTER TABLE "searches" ADD "user_id" bigint[0m
  [1m[35m (37.2ms)[0m  [1m[35mCREATE  INDEX  "index_searches_on_user_id" ON "searches"  ("user_id")[0m
  [1m[35m (2.9ms)[0m  [1m[35mALTER TABLE "searches" ADD CONSTRAINT "fk_rails_e192b86393"
FOREIGN KEY ("user_id")
  REFERENCES "users" ("id")
[0m
  [1m[36mprimary::SchemaMigration Create (0.4ms)[0m  [1m[32mINSERT INTO "schema_migrations" ("version") VALUES ($1) RETURNING "version"[0m  [["version", "20201222174353"]]
  [1m[35m (18.0ms)[0m  [1m[35mCOMMIT[0m
Migrating to AddJtiToUser (20201222175248)
  [1m[35m (0.2ms)[0m  [1m[35mBEGIN[0m
  [1m[35m (0.5ms)[0m  [1m[35mALTER TABLE "users" ADD "jti" character varying[0m
  [1m[35m (41.7ms)[0m  [1m[35mCREATE UNIQUE INDEX  "index_users_on_jti" ON "users"  ("jti")[0m
  [1m[36mprimary::SchemaMigration Create (0.3ms)[0m  [1m[32mINSERT INTO "schema_migrations" ("version") VALUES ($1) RETURNING "version"[0m  [["version", "20201222175248"]]
  [1m[35m (11.1ms)[0m  [1m[35mCOMMIT[0m
  [1m[36mActiveRecord::InternalMetadata Load (0.3ms)[0m  [1m[34mSELECT "ar_internal_metadata".* FROM "ar_internal_metadata" WHERE "ar_internal_metadata"."key" = $1 LIMIT $2[0m  [["key", "environment"], ["LIMIT", 1]]
  [1m[35m (0.2ms)[0m  [1m[35mBEGIN[0m
  [1m[36mActiveRecord::InternalMetadata Create (0.4ms)[0m  [1m[32mINSERT INTO "ar_internal_metadata" ("key", "value", "created_at", "updated_at") VALUES ($1, $2, $3, $4) RETURNING "key"[0m  [["key", "environment"], ["value", "development"], ["created_at", "2020-12-22 17:54:28.230260"], ["updated_at", "2020-12-22 17:54:28.230260"]]
  [1m[35m (4.9ms)[0m  [1m[35mCOMMIT[0m
  [1m[35m (0.4ms)[0m  [1m[34mSELECT pg_advisory_unlock(2720980215244160625)[0m
  [1m[35m (0.4ms)[0m  [1m[34mSELECT "schema_migrations"."version" FROM "schema_migrations" ORDER BY "schema_migrations"."version" ASC[0m
  [1m[35m (0.2ms)[0m  [1m[34mSELECT pg_try_advisory_lock(2720980215244160625)[0m
  [1m[35m (0.6ms)[0m  [1m[34mSELECT "schema_migrations"."version" FROM "schema_migrations" ORDER BY "schema_migrations"."version" ASC[0m
Migrating to CreateJwtBlacklist (20201222175537)
  [1m[35m (0.2ms)[0m  [1m[35mBEGIN[0m
  [1m[35m (35.5ms)[0m  [1m[35mCREATE TABLE "jwt_blacklist" ("id" bigserial primary key)[0m
  [1m[36mprimary::SchemaMigration Create (0.3ms)[0m  [1m[32mINSERT INTO "schema_migrations" ("version") VALUES ($1) RETURNING "version"[0m  [["version", "20201222175537"]]
  [1m[35m (9.9ms)[0m  [1m[35mCOMMIT[0m
  [1m[36mActiveRecord::InternalMetadata Load (0.4ms)[0m  [1m[34mSELECT "ar_internal_metadata".* FROM "ar_internal_metadata" WHERE "ar_internal_metadata"."key" = $1 LIMIT $2[0m  [["key", "environment"], ["LIMIT", 1]]
  [1m[35m (0.2ms)[0m  [1m[34mSELECT pg_advisory_unlock(2720980215244160625)[0m
  [1m[35m (0.6ms)[0m  [1m[34mSELECT "schema_migrations"."version" FROM "schema_migrations" ORDER BY "schema_migrations"."version" ASC[0m
  [1m[35m (0.6ms)[0m  [1m[34mSELECT "schema_migrations"."version" FROM "schema_migrations" ORDER BY "schema_migrations"."version" ASC[0m
  [1m[35m (0.3ms)[0m  [1m[34mSELECT "ar_internal_metadata"."value" FROM "ar_internal_metadata" WHERE "ar_internal_metadata"."key" = $1[0m  [["key", "environment"]]
  [1m[35m (0.2ms)[0m  [1m[34mSELECT "schema_migrations"."version" FROM "schema_migrations" ORDER BY "schema_migrations"."version" ASC[0m
  [1m[35m (0.2ms)[0m  [1m[34mSELECT "ar_internal_metadata"."value" FROM "ar_internal_metadata" WHERE "ar_internal_metadata"."key" = $1[0m  [["key", "environment"]]
  [1m[35m (0.2ms)[0m  [1m[34mSELECT "schema_migrations"."version" FROM "schema_migrations" ORDER BY "schema_migrations"."version" ASC[0m
  [1m[35m (0.2ms)[0m  [1m[34mSELECT "ar_internal_metadata"."value" FROM "ar_internal_metadata" WHERE "ar_internal_metadata"."key" = $1[0m  [["key", "environment"]]
  [1m[35m (323.0ms)[0m  [1m[35mDROP DATABASE IF EXISTS "notes_weather_backend_development"[0m
  [1m[35m (339.1ms)[0m  [1m[35mDROP DATABASE IF EXISTS "notes_weather_backend_test"[0m
  [1m[35m (794.5ms)[0m  [1m[35mCREATE DATABASE "notes_weather_backend_development" ENCODING = 'unicode'[0m
  [1m[35m (681.6ms)[0m  [1m[35mCREATE DATABASE "notes_weather_backend_test" ENCODING = 'unicode'[0m
  [1m[35m (94.6ms)[0m  [1m[35mCREATE TABLE "schema_migrations" ("version" character varying NOT NULL PRIMARY KEY)[0m
  [1m[35m (73.2ms)[0m  [1m[35mCREATE TABLE "ar_internal_metadata" ("key" character varying NOT NULL PRIMARY KEY, "value" character varying, "created_at" timestamp(6) NOT NULL, "updated_at" timestamp(6) NOT NULL)[0m
  [1m[35m (0.2ms)[0m  [1m[34mSELECT pg_try_advisory_lock(2720980215244160625)[0m
  [1m[35m (0.4ms)[0m  [1m[34mSELECT "schema_migrations"."version" FROM "schema_migrations" ORDER BY "schema_migrations"."version" ASC[0m
Migrating to DeviseCreateUsers (20201222172942)
  [1m[35m (0.1ms)[0m  [1m[35mBEGIN[0m
  [1m[35m (64.1ms)[0m  [1m[35mCREATE TABLE "users" ("id" bigserial primary key, "email" character varying DEFAULT '' NOT NULL, "encrypted_password" character varying DEFAULT '' NOT NULL, "reset_password_token" character varying, "reset_password_sent_at" timestamp, "remember_created_at" timestamp, "sign_in_count" integer DEFAULT 0 NOT NULL, "current_sign_in_at" timestamp, "last_sign_in_at" timestamp, "current_sign_in_ip" inet, "last_sign_in_ip" inet, "confirmation_token" character varying, "confirmed_at" timestamp, "confirmation_sent_at" timestamp, "unconfirmed_email" character varying, "failed_attempts" integer DEFAULT 0 NOT NULL, "unlock_token" character varying, "locked_at" timestamp, "created_at" timestamp(6) NOT NULL, "updated_at" timestamp(6) NOT NULL)[0m
  [1m[35m (41.4ms)[0m  [1m[35mCREATE UNIQUE INDEX  "index_users_on_email" ON "users"  ("email")[0m
  [1m[35m (37.3ms)[0m  [1m[35mCREATE UNIQUE INDEX  "index_users_on_reset_password_token" ON "users"  ("reset_password_token")[0m
  [1m[36mprimary::SchemaMigration Create (0.5ms)[0m  [1m[32mINSERT INTO "schema_migrations" ("version") VALUES ($1) RETURNING "version"[0m  [["version", "20201222172942"]]
  [1m[35m (7.7ms)[0m  [1m[35mCOMMIT[0m
Migrating to AddUsernameToUsers (20201222173659)
  [1m[35m (0.1ms)[0m  [1m[35mBEGIN[0m
  [1m[35m (0.3ms)[0m  [1m[35mALTER TABLE "users" ADD "username" character varying[0m
  [1m[35m (39.2ms)[0m  [1m[35mCREATE UNIQUE INDEX  "index_users_on_username" ON "users"  ("username")[0m
  [1m[36mprimary::SchemaMigration Create (0.6ms)[0m  [1m[32mINSERT INTO "schema_migrations" ("version") VALUES ($1) RETURNING "version"[0m  [["version", "20201222173659"]]
  [1m[35m (13.0ms)[0m  [1m[35mCOMMIT[0m
Migrating to CreateNotes (20201222174146)
  [1m[35m (0.2ms)[0m  [1m[35mBEGIN[0m
  [1m[35m (87.3ms)[0m  [1m[35mCREATE TABLE "notes" ("id" bigserial primary key, "title" text, "note_description" text, "user_id" bigint NOT NULL, "created_at" timestamp(6) NOT NULL, "updated_at" timestamp(6) NOT NULL, CONSTRAINT "fk_rails_7f2323ad43"
FOREIGN KEY ("user_id")
  REFERENCES "users" ("id")
)[0m
  [1m[35m (38.6ms)[0m  [1m[35mCREATE  INDEX  "index_notes_on_user_id" ON "notes"  ("user_id")[0m
  [1m[36mprimary::SchemaMigration Create (0.5ms)[0m  [1m[32mINSERT INTO "schema_migrations" ("version") VALUES ($1) RETURNING "version"[0m  [["version", "20201222174146"]]
  [1m[35m (11.5ms)[0m  [1m[35mCOMMIT[0m
Migrating to AddStatusToNotes (20201222174211)
  [1m[35m (0.2ms)[0m  [1m[35mBEGIN[0m
  [1m[35m (99.0ms)[0m  [1m[35mALTER TABLE "notes" ADD "status" character varying DEFAULT 'Active'[0m
  [1m[36mprimary::SchemaMigration Create (0.3ms)[0m  [1m[32mINSERT INTO "schema_migrations" ("version") VALUES ($1) RETURNING "version"[0m  [["version", "20201222174211"]]
  [1m[35m (12.8ms)[0m  [1m[35mCOMMIT[0m
Migrating to CreatePlaces (20201222174226)
  [1m[35m (0.3ms)[0m  [1m[35mBEGIN[0m
  [1m[35m (98.6ms)[0m  [1m[35mCREATE TABLE "places" ("id" bigserial primary key, "name" character varying, "type_place" character varying, "iso_code" character varying, "place_id" bigint NOT NULL, "created_at" timestamp(6) NOT NULL, "updated_at" timestamp(6) NOT NULL, CONSTRAINT "fk_rails_ab0bf7bd2c"
FOREIGN KEY ("place_id")
  REFERENCES "places" ("id")
)[0m
  [1m[35m (27.2ms)[0m  [1m[35mCREATE  INDEX  "index_places_on_place_id" ON "places"  ("place_id")[0m
  [1m[36mprimary::SchemaMigration Create (0.5ms)[0m  [1m[32mINSERT INTO "schema_migrations" ("version") VALUES ($1) RETURNING "version"[0m  [["version", "20201222174226"]]
  [1m[35m (8.9ms)[0m  [1m[35mCOMMIT[0m
Migrating to CreateSearches (20201222174242)
  [1m[35m (0.3ms)[0m  [1m[35mBEGIN[0m
  [1m[35m (34.6ms)[0m  [1m[35mCREATE TABLE "searches" ("id" bigserial primary key, "place_id" bigint NOT NULL, "created_at" timestamp(6) NOT NULL, "updated_at" timestamp(6) NOT NULL, CONSTRAINT "fk_rails_5f19a702bd"
FOREIGN KEY ("place_id")
  REFERENCES "places" ("id")
)[0m
  [1m[35m (37.3ms)[0m  [1m[35mCREATE  INDEX  "index_searches_on_place_id" ON "searches"  ("place_id")[0m
  [1m[36mprimary::SchemaMigration Create (0.3ms)[0m  [1m[32mINSERT INTO "schema_migrations" ("version") VALUES ($1) RETURNING "version"[0m  [["version", "20201222174242"]]
  [1m[35m (10.6ms)[0m  [1m[35mCOMMIT[0m
Migrating to CreateWeatherDetails (20201222174302)
  [1m[35m (0.2ms)[0m  [1m[35mBEGIN[0m
  [1m[35m (80.1ms)[0m  [1m[35mCREATE TABLE "weather_details" ("id" bigserial primary key, "search_id" bigint NOT NULL, "feels_like" decimal(15,5), "humidity" decimal(15,5), "pressure" decimal(15,5), "temp" decimal(15,5), "temp_max" decimal(15,5), "temp_min" decimal(15,5), "wind_speed" decimal(15,5), "description" character varying, "created_at" timestamp(6) NOT NULL, "updated_at" timestamp(6) NOT NULL, CONSTRAINT "fk_rails_21870159c9"
FOREIGN KEY ("search_id")
  REFERENCES "searches" ("id")
)[0m
  [1m[35m (39.3ms)[0m  [1m[35mCREATE  INDEX  "index_weather_details_on_search_id" ON "weather_details"  ("search_id")[0m
  [1m[36mprimary::SchemaMigration Create (0.4ms)[0m  [1m[32mINSERT INTO "schema_migrations" ("version") VALUES ($1) RETURNING "version"[0m  [["version", "20201222174302"]]
  [1m[35m (8.3ms)[0m  [1m[35mCOMMIT[0m
Migrating to ChangeTuNullablePlaceId (20201222174318)
  [1m[35m (0.2ms)[0m  [1m[35mBEGIN[0m
  [1m[35m (1.8ms)[0m  [1m[35mALTER TABLE "places" ALTER COLUMN "place_id" TYPE bigint, ALTER COLUMN "place_id" DROP NOT NULL[0m
  [1m[36mprimary::SchemaMigration Create (0.3ms)[0m  [1m[32mINSERT INTO "schema_migrations" ("version") VALUES ($1) RETURNING "version"[0m  [["version", "20201222174318"]]
  [1m[35m (10.1ms)[0m  [1m[35mCOMMIT[0m
Migrating to AddUsersToSearches (20201222174353)
  [1m[35m (0.2ms)[0m  [1m[35mBEGIN[0m
  [1m[35m (0.5ms)[0m  [1m[35mALTER TABLE "searches" ADD "user_id" bigint[0m
  [1m[35m (42.8ms)[0m  [1m[35mCREATE  INDEX  "index_searches_on_user_id" ON "searches"  ("user_id")[0m
  [1m[35m (2.2ms)[0m  [1m[35mALTER TABLE "searches" ADD CONSTRAINT "fk_rails_e192b86393"
FOREIGN KEY ("user_id")
  REFERENCES "users" ("id")
[0m
  [1m[36mprimary::SchemaMigration Create (0.3ms)[0m  [1m[32mINSERT INTO "schema_migrations" ("version") VALUES ($1) RETURNING "version"[0m  [["version", "20201222174353"]]
  [1m[35m (13.4ms)[0m  [1m[35mCOMMIT[0m
Migrating to AddJtiToUser (20201222175248)
  [1m[35m (0.3ms)[0m  [1m[35mBEGIN[0m
  [1m[35m (0.6ms)[0m  [1m[35mALTER TABLE "users" ADD "jti" character varying[0m
  [1m[35m (43.3ms)[0m  [1m[35mCREATE UNIQUE INDEX  "index_users_on_jti" ON "users"  ("jti")[0m
  [1m[36mprimary::SchemaMigration Create (0.4ms)[0m  [1m[32mINSERT INTO "schema_migrations" ("version") VALUES ($1) RETURNING "version"[0m  [["version", "20201222175248"]]
  [1m[35m (8.8ms)[0m  [1m[35mCOMMIT[0m
Migrating to CreateJwtBlacklist (20201222175537)
  [1m[35m (0.5ms)[0m  [1m[35mBEGIN[0m
  [1m[35m (67.3ms)[0m  [1m[35mCREATE TABLE "jwt_blacklist" ("id" bigserial primary key, "jti" character varying NOT NULL)[0m
  [1m[35m (1.7ms)[0m  [1m[31mROLLBACK[0m
  [1m[35m (0.4ms)[0m  [1m[34mSELECT pg_advisory_unlock(2720980215244160625)[0m
  [1m[35m (0.6ms)[0m  [1m[34mSELECT "schema_migrations"."version" FROM "schema_migrations" ORDER BY "schema_migrations"."version" ASC[0m
  [1m[35m (0.3ms)[0m  [1m[34mSELECT "ar_internal_metadata"."value" FROM "ar_internal_metadata" WHERE "ar_internal_metadata"."key" = $1[0m  [["key", "environment"]]
  [1m[35m (0.7ms)[0m  [1m[34mSELECT "schema_migrations"."version" FROM "schema_migrations" ORDER BY "schema_migrations"."version" ASC[0m
  [1m[35m (0.3ms)[0m  [1m[34mSELECT "ar_internal_metadata"."value" FROM "ar_internal_metadata" WHERE "ar_internal_metadata"."key" = $1[0m  [["key", "environment"]]
  [1m[35m (0.6ms)[0m  [1m[34mSELECT "schema_migrations"."version" FROM "schema_migrations" ORDER BY "schema_migrations"."version" ASC[0m
  [1m[35m (0.3ms)[0m  [1m[34mSELECT "ar_internal_metadata"."value" FROM "ar_internal_metadata" WHERE "ar_internal_metadata"."key" = $1[0m  [["key", "environment"]]
  [1m[36mActiveRecord::InternalMetadata Load (0.3ms)[0m  [1m[34mSELECT "ar_internal_metadata".* FROM "ar_internal_metadata" WHERE "ar_internal_metadata"."key" = $1 LIMIT $2[0m  [["key", "environment"], ["LIMIT", 1]]
  [1m[35m (0.1ms)[0m  [1m[35mBEGIN[0m
  [1m[36mActiveRecord::InternalMetadata Create (0.5ms)[0m  [1m[32mINSERT INTO "ar_internal_metadata" ("key", "value", "created_at", "updated_at") VALUES ($1, $2, $3, $4) RETURNING "key"[0m  [["key", "environment"], ["value", "development"], ["created_at", "2020-12-22 18:00:49.367072"], ["updated_at", "2020-12-22 18:00:49.367072"]]
  [1m[35m (28.5ms)[0m  [1m[35mCOMMIT[0m
  [1m[35m (0.8ms)[0m  [1m[34mSELECT "schema_migrations"."version" FROM "schema_migrations" ORDER BY "schema_migrations"."version" ASC[0m
  [1m[35m (0.3ms)[0m  [1m[34mSELECT "ar_internal_metadata"."value" FROM "ar_internal_metadata" WHERE "ar_internal_metadata"."key" = $1[0m  [["key", "environment"]]
  [1m[35m (0.2ms)[0m  [1m[34mSELECT "schema_migrations"."version" FROM "schema_migrations" ORDER BY "schema_migrations"."version" ASC[0m
  [1m[35m (0.2ms)[0m  [1m[34mSELECT "ar_internal_metadata"."value" FROM "ar_internal_metadata" WHERE "ar_internal_metadata"."key" = $1[0m  [["key", "environment"]]
  [1m[35m (0.2ms)[0m  [1m[34mSELECT "schema_migrations"."version" FROM "schema_migrations" ORDER BY "schema_migrations"."version" ASC[0m
  [1m[35m (0.2ms)[0m  [1m[34mSELECT "ar_internal_metadata"."value" FROM "ar_internal_metadata" WHERE "ar_internal_metadata"."key" = $1[0m  [["key", "environment"]]
  [1m[35m (319.7ms)[0m  [1m[35mDROP DATABASE IF EXISTS "notes_weather_backend_development"[0m
  [1m[35m (229.6ms)[0m  [1m[35mDROP DATABASE IF EXISTS "notes_weather_backend_test"[0m
  [1m[35m (0.1ms)[0m  [1m[35mDROP DATABASE IF EXISTS "notes_weather_backend_development"[0m
  [1m[35m (0.1ms)[0m  [1m[35mDROP DATABASE IF EXISTS "notes_weather_backend_test"[0m
  [1m[35m (0.1ms)[0m  [1m[35mDROP DATABASE IF EXISTS "notes_weather_backend_development"[0m
  [1m[35m (0.2ms)[0m  [1m[35mDROP DATABASE IF EXISTS "notes_weather_backend_test"[0m
  [1m[35m (782.4ms)[0m  [1m[35mCREATE DATABASE "notes_weather_backend_development" ENCODING = 'unicode'[0m
  [1m[35m (670.1ms)[0m  [1m[35mCREATE DATABASE "notes_weather_backend_test" ENCODING = 'unicode'[0m
  [1m[35m (104.5ms)[0m  [1m[35mCREATE TABLE "schema_migrations" ("version" character varying NOT NULL PRIMARY KEY)[0m
  [1m[35m (105.9ms)[0m  [1m[35mCREATE TABLE "ar_internal_metadata" ("key" character varying NOT NULL PRIMARY KEY, "value" character varying, "created_at" timestamp(6) NOT NULL, "updated_at" timestamp(6) NOT NULL)[0m
  [1m[35m (0.2ms)[0m  [1m[34mSELECT pg_try_advisory_lock(2720980215244160625)[0m
  [1m[35m (0.5ms)[0m  [1m[34mSELECT "schema_migrations"."version" FROM "schema_migrations" ORDER BY "schema_migrations"."version" ASC[0m
Migrating to DeviseCreateUsers (20201222172942)
  [1m[35m (0.1ms)[0m  [1m[35mBEGIN[0m
  [1m[35m (79.2ms)[0m  [1m[35mCREATE TABLE "users" ("id" bigserial primary key, "email" character varying DEFAULT '' NOT NULL, "encrypted_password" character varying DEFAULT '' NOT NULL, "reset_password_token" character varying, "reset_password_sent_at" timestamp, "remember_created_at" timestamp, "sign_in_count" integer DEFAULT 0 NOT NULL, "current_sign_in_at" timestamp, "last_sign_in_at" timestamp, "current_sign_in_ip" inet, "last_sign_in_ip" inet, "confirmation_token" character varying, "confirmed_at" timestamp, "confirmation_sent_at" timestamp, "unconfirmed_email" character varying, "failed_attempts" integer DEFAULT 0 NOT NULL, "unlock_token" character varying, "locked_at" timestamp, "created_at" timestamp(6) NOT NULL, "updated_at" timestamp(6) NOT NULL)[0m
  [1m[35m (31.0ms)[0m  [1m[35mCREATE UNIQUE INDEX  "index_users_on_email" ON "users"  ("email")[0m
  [1m[35m (38.6ms)[0m  [1m[35mCREATE UNIQUE INDEX  "index_users_on_reset_password_token" ON "users"  ("reset_password_token")[0m
  [1m[36mprimary::SchemaMigration Create (0.3ms)[0m  [1m[32mINSERT INTO "schema_migrations" ("version") VALUES ($1) RETURNING "version"[0m  [["version", "20201222172942"]]
  [1m[35m (12.8ms)[0m  [1m[35mCOMMIT[0m
Migrating to AddUsernameToUsers (20201222173659)
  [1m[35m (0.3ms)[0m  [1m[35mBEGIN[0m
  [1m[35m (0.4ms)[0m  [1m[35mALTER TABLE "users" ADD "username" character varying[0m
  [1m[35m (34.4ms)[0m  [1m[35mCREATE UNIQUE INDEX  "index_users_on_username" ON "users"  ("username")[0m
  [1m[36mprimary::SchemaMigration Create (0.5ms)[0m  [1m[32mINSERT INTO "schema_migrations" ("version") VALUES ($1) RETURNING "version"[0m  [["version", "20201222173659"]]
  [1m[35m (14.9ms)[0m  [1m[35mCOMMIT[0m
Migrating to CreateNotes (20201222174146)
  [1m[35m (0.2ms)[0m  [1m[35mBEGIN[0m
  [1m[35m (98.4ms)[0m  [1m[35mCREATE TABLE "notes" ("id" bigserial primary key, "title" text, "note_description" text, "user_id" bigint NOT NULL, "created_at" timestamp(6) NOT NULL, "updated_at" timestamp(6) NOT NULL, CONSTRAINT "fk_rails_7f2323ad43"
FOREIGN KEY ("user_id")
  REFERENCES "users" ("id")
)[0m
  [1m[35m (36.5ms)[0m  [1m[35mCREATE  INDEX  "index_notes_on_user_id" ON "notes"  ("user_id")[0m
  [1m[36mprimary::SchemaMigration Create (0.7ms)[0m  [1m[32mINSERT INTO "schema_migrations" ("version") VALUES ($1) RETURNING "version"[0m  [["version", "20201222174146"]]
  [1m[35m (12.0ms)[0m  [1m[35mCOMMIT[0m
Migrating to AddStatusToNotes (20201222174211)
  [1m[35m (0.2ms)[0m  [1m[35mBEGIN[0m
  [1m[35m (109.2ms)[0m  [1m[35mALTER TABLE "notes" ADD "status" character varying DEFAULT 'Active'[0m
  [1m[36mprimary::SchemaMigration Create (0.6ms)[0m  [1m[32mINSERT INTO "schema_migrations" ("version") VALUES ($1) RETURNING "version"[0m  [["version", "20201222174211"]]
  [1m[35m (9.7ms)[0m  [1m[35mCOMMIT[0m
Migrating to CreatePlaces (20201222174226)
  [1m[35m (0.2ms)[0m  [1m[35mBEGIN[0m
  [1m[35m (77.7ms)[0m  [1m[35mCREATE TABLE "places" ("id" bigserial primary key, "name" character varying, "type_place" character varying, "iso_code" character varying, "place_id" bigint NOT NULL, "created_at" timestamp(6) NOT NULL, "updated_at" timestamp(6) NOT NULL, CONSTRAINT "fk_rails_ab0bf7bd2c"
FOREIGN KEY ("place_id")
  REFERENCES "places" ("id")
)[0m
  [1m[35m (37.1ms)[0m  [1m[35mCREATE  INDEX  "index_places_on_place_id" ON "places"  ("place_id")[0m
  [1m[36mprimary::SchemaMigration Create (0.5ms)[0m  [1m[32mINSERT INTO "schema_migrations" ("version") VALUES ($1) RETURNING "version"[0m  [["version", "20201222174226"]]
  [1m[35m (11.6ms)[0m  [1m[35mCOMMIT[0m
Migrating to CreateSearches (20201222174242)
  [1m[35m (0.2ms)[0m  [1m[35mBEGIN[0m
  [1m[35m (33.5ms)[0m  [1m[35mCREATE TABLE "searches" ("id" bigserial primary key, "place_id" bigint NOT NULL, "created_at" timestamp(6) NOT NULL, "updated_at" timestamp(6) NOT NULL, CONSTRAINT "fk_rails_5f19a702bd"
FOREIGN KEY ("place_id")
  REFERENCES "places" ("id")
)[0m
  [1m[35m (54.4ms)[0m  [1m[35mCREATE  INDEX  "index_searches_on_place_id" ON "searches"  ("place_id")[0m
  [1m[36mprimary::SchemaMigration Create (0.6ms)[0m  [1m[32mINSERT INTO "schema_migrations" ("version") VALUES ($1) RETURNING "version"[0m  [["version", "20201222174242"]]
  [1m[35m (3.3ms)[0m  [1m[35mCOMMIT[0m
Migrating to CreateWeatherDetails (20201222174302)
  [1m[35m (0.2ms)[0m  [1m[35mBEGIN[0m
  [1m[35m (91.8ms)[0m  [1m[35mCREATE TABLE "weather_details" ("id" bigserial primary key, "search_id" bigint NOT NULL, "feels_like" decimal(15,5), "humidity" decimal(15,5), "pressure" decimal(15,5), "temp" decimal(15,5), "temp_max" decimal(15,5), "temp_min" decimal(15,5), "wind_speed" decimal(15,5), "description" character varying, "created_at" timestamp(6) NOT NULL, "updated_at" timestamp(6) NOT NULL, CONSTRAINT "fk_rails_21870159c9"
FOREIGN KEY ("search_id")
  REFERENCES "searches" ("id")
)[0m
  [1m[35m (26.5ms)[0m  [1m[35mCREATE  INDEX  "index_weather_details_on_search_id" ON "weather_details"  ("search_id")[0m
  [1m[36mprimary::SchemaMigration Create (0.6ms)[0m  [1m[32mINSERT INTO "schema_migrations" ("version") VALUES ($1) RETURNING "version"[0m  [["version", "20201222174302"]]
  [1m[35m (8.7ms)[0m  [1m[35mCOMMIT[0m
Migrating to ChangeTuNullablePlaceId (20201222174318)
  [1m[35m (0.2ms)[0m  [1m[35mBEGIN[0m
  [1m[35m (2.1ms)[0m  [1m[35mALTER TABLE "places" ALTER COLUMN "place_id" TYPE bigint, ALTER COLUMN "place_id" DROP NOT NULL[0m
  [1m[36mprimary::SchemaMigration Create (0.4ms)[0m  [1m[32mINSERT INTO "schema_migrations" ("version") VALUES ($1) RETURNING "version"[0m  [["version", "20201222174318"]]
  [1m[35m (11.5ms)[0m  [1m[35mCOMMIT[0m
Migrating to AddUsersToSearches (20201222174353)
  [1m[35m (0.2ms)[0m  [1m[35mBEGIN[0m
  [1m[35m (0.7ms)[0m  [1m[35mALTER TABLE "searches" ADD "user_id" bigint[0m
  [1m[35m (40.5ms)[0m  [1m[35mCREATE  INDEX  "index_searches_on_user_id" ON "searches"  ("user_id")[0m
  [1m[35m (2.6ms)[0m  [1m[35mALTER TABLE "searches" ADD CONSTRAINT "fk_rails_e192b86393"
FOREIGN KEY ("user_id")
  REFERENCES "users" ("id")
[0m
  [1m[36mprimary::SchemaMigration Create (0.5ms)[0m  [1m[32mINSERT INTO "schema_migrations" ("version") VALUES ($1) RETURNING "version"[0m  [["version", "20201222174353"]]
  [1m[35m (15.2ms)[0m  [1m[35mCOMMIT[0m
Migrating to AddJtiToUser (20201222175248)
  [1m[35m (0.6ms)[0m  [1m[35mBEGIN[0m
  [1m[35m (0.7ms)[0m  [1m[35mALTER TABLE "users" ADD "jti" character varying[0m
  [1m[35m (38.0ms)[0m  [1m[35mCREATE UNIQUE INDEX  "index_users_on_jti" ON "users"  ("jti")[0m
  [1m[36mprimary::SchemaMigration Create (0.5ms)[0m  [1m[32mINSERT INTO "schema_migrations" ("version") VALUES ($1) RETURNING "version"[0m  [["version", "20201222175248"]]
  [1m[35m (8.2ms)[0m  [1m[35mCOMMIT[0m
Migrating to CreateJwtBlacklist (20201222175537)
  [1m[35m (0.2ms)[0m  [1m[35mBEGIN[0m
  [1m[35m (67.6ms)[0m  [1m[35mCREATE TABLE "jwt_blacklist" ("id" bigserial primary key, "jti" character varying NOT NULL)[0m
  [1m[35m (37.0ms)[0m  [1m[35mCREATE  INDEX  "index_jwt_blacklist_on_jti" ON "jwt_blacklist"  ("jti")[0m
  [1m[36mprimary::SchemaMigration Create (0.6ms)[0m  [1m[32mINSERT INTO "schema_migrations" ("version") VALUES ($1) RETURNING "version"[0m  [["version", "20201222175537"]]
  [1m[35m (17.0ms)[0m  [1m[35mCOMMIT[0m
Migrating to AddExpDateCreatedAtAndUpdatedAtToJwtBlacklist (20201222175842)
  [1m[35m (0.3ms)[0m  [1m[35mBEGIN[0m
  [1m[35m (0.6ms)[0m  [1m[35mALTER TABLE "jwt_blacklist" ADD "exp" timestamp[0m
  [1m[35m (0.4ms)[0m  [1m[35mALTER TABLE "jwt_blacklist" ADD "created_at" timestamp[0m
  [1m[35m (0.2ms)[0m  [1m[35mALTER TABLE "jwt_blacklist" ADD "updated_at" timestamp[0m
  [1m[36mprimary::SchemaMigration Create (0.3ms)[0m  [1m[32mINSERT INTO "schema_migrations" ("version") VALUES ($1) RETURNING "version"[0m  [["version", "20201222175842"]]
  [1m[35m (5.7ms)[0m  [1m[35mCOMMIT[0m
  [1m[36mActiveRecord::InternalMetadata Load (0.4ms)[0m  [1m[34mSELECT "ar_internal_metadata".* FROM "ar_internal_metadata" WHERE "ar_internal_metadata"."key" = $1 LIMIT $2[0m  [["key", "environment"], ["LIMIT", 1]]
  [1m[35m (0.1ms)[0m  [1m[35mBEGIN[0m
  [1m[36mActiveRecord::InternalMetadata Create (0.4ms)[0m  [1m[32mINSERT INTO "ar_internal_metadata" ("key", "value", "created_at", "updated_at") VALUES ($1, $2, $3, $4) RETURNING "key"[0m  [["key", "environment"], ["value", "development"], ["created_at", "2020-12-22 18:01:09.026847"], ["updated_at", "2020-12-22 18:01:09.026847"]]
  [1m[35m (2.9ms)[0m  [1m[35mCOMMIT[0m
  [1m[35m (0.4ms)[0m  [1m[34mSELECT pg_advisory_unlock(2720980215244160625)[0m
  [1m[35m (0.4ms)[0m  [1m[34mSELECT "schema_migrations"."version" FROM "schema_migrations" ORDER BY "schema_migrations"."version" ASC[0m
Started POST "/api/signup" for ::1 at 2020-12-22 20:56:54 -0400
  [1m[35m (0.6ms)[0m  [1m[34mSELECT "schema_migrations"."version" FROM "schema_migrations" ORDER BY "schema_migrations"."version" ASC[0m
Processing by Api::RegistrationsController#create as */*
  Parameters: {"user"=>{"email"=>"test2@email.com", "username"=>"usertest2", "password"=>"[FILTERED]", "password_confirmation"=>"[FILTERED]"}, "registration"=>{"user"=>{"email"=>"test2@email.com", "username"=>"usertest2", "password"=>"[FILTERED]", "password_confirmation"=>"[FILTERED]"}}}
  [1m[35m (0.1ms)[0m  [1m[35mBEGIN[0m
  ↳ app/controllers/api/registrations_controller.rb:16:in `create'
  [1m[36mUser Exists? (0.7ms)[0m  [1m[34mSELECT 1 AS one FROM "users" WHERE "users"."email" = $1 LIMIT $2[0m  [["email", "test2@email.com"], ["LIMIT", 1]]
  ↳ app/controllers/api/registrations_controller.rb:16:in `create'
  [1m[36mUser Exists? (0.3ms)[0m  [1m[34mSELECT 1 AS one FROM "users" WHERE "users"."email" = $1 LIMIT $2[0m  [["email", "usertest2"], ["LIMIT", 1]]
  ↳ app/models/user.rb:21:in `validate_username'
  [1m[36mUser Create (0.6ms)[0m  [1m[32mINSERT INTO "users" ("email", "encrypted_password", "created_at", "updated_at", "username", "jti") VALUES ($1, $2, $3, $4, $5, $6) RETURNING "id"[0m  [["email", "test2@email.com"], ["encrypted_password", "$2a$12$mvM9Au5GCgfHwG.QPuKkVu5mULfIWWMghmVcsyaQE9sGi1p4Rjfzy"], ["created_at", "2020-12-23 00:56:55.469286"], ["updated_at", "2020-12-23 00:56:55.469286"], ["username", "usertest2"], ["jti", "608c4887-e1c1-49a2-a7f3-c8c62b473a05"]]
  ↳ app/controllers/api/registrations_controller.rb:16:in `create'
  [1m[35m (13.7ms)[0m  [1m[35mCOMMIT[0m
  ↳ app/controllers/api/registrations_controller.rb:16:in `create'
Redirected to http://localhost:3001/api/login?user%5Blogin%5D=test2%40email.com&user%5Bpassword%5D=demo12345
Completed 302 Found in 426ms (ActiveRecord: 19.8ms | Allocations: 19664)


Started GET "/api/login?user%5Blogin%5D=test2%40email.com&user%5Bpassword%5D=[FILTERED]" for ::1 at 2020-12-22 20:56:55 -0400
Processing by Api::SessionsController#create as */*
  Parameters: {"user"=>{"login"=>"test2@email.com", "password"=>"[FILTERED]"}}
  [1m[36mUser Load (0.8ms)[0m  [1m[34mSELECT "users".* FROM "users" WHERE (lower(username) = 'test2@email.com' OR lower(email) = 'test2@email.com') ORDER BY "users"."id" ASC LIMIT $1[0m  [["LIMIT", 1]]
  ↳ app/models/user.rb:50:in `find_for_database_authentication'
  [1m[35m (0.1ms)[0m  [1m[35mBEGIN[0m
  ↳ app/controllers/api/sessions_controller.rb:19:in `create'
  [1m[36mUser Update (0.5ms)[0m  [1m[33mUPDATE "users" SET "current_sign_in_at" = $1, "last_sign_in_at" = $2, "current_sign_in_ip" = $3, "last_sign_in_ip" = $4, "sign_in_count" = $5, "updated_at" = $6 WHERE "users"."id" = $7[0m  [["current_sign_in_at", "2020-12-23 00:56:55.791641"], ["last_sign_in_at", "2020-12-23 00:56:55.791641"], ["current_sign_in_ip", "::1/128"], ["last_sign_in_ip", "::1/128"], ["sign_in_count", 1], ["updated_at", "2020-12-23 00:56:55.791953"], ["id", 1]]
  ↳ app/controllers/api/sessions_controller.rb:19:in `create'
  [1m[35m (21.1ms)[0m  [1m[35mCOMMIT[0m
  ↳ app/controllers/api/sessions_controller.rb:19:in `create'
Completed 200 OK in 316ms (Views: 0.6ms | ActiveRecord: 22.5ms | Allocations: 4780)


Started POST "/api/notes" for ::1 at 2020-12-22 20:57:26 -0400
Processing by Api::NotesController#create as */*
  Parameters: {"note"=>{"title"=>"title example by postman", "note_description"=>"Description example by postman"}}
  [1m[36mUser Load (0.4ms)[0m  [1m[34mSELECT "users".* FROM "users" WHERE "users"."id" = $1 LIMIT $2[0m  [["id", 1], ["LIMIT", 1]]
  ↳ app/controllers/application_controller.rb:32:in `current_user'
  [1m[35m (0.2ms)[0m  [1m[35mBEGIN[0m
  ↳ app/controllers/application_controller.rb:32:in `current_user'
  [1m[36mUser Update (0.5ms)[0m  [1m[33mUPDATE "users" SET "current_sign_in_at" = $1, "sign_in_count" = $2, "updated_at" = $3 WHERE "users"."id" = $4[0m  [["current_sign_in_at", "2020-12-23 00:57:26.538143"], ["sign_in_count", 2], ["updated_at", "2020-12-23 00:57:26.539484"], ["id", 1]]
  ↳ app/controllers/application_controller.rb:32:in `current_user'
  [1m[35m (69.0ms)[0m  [1m[35mCOMMIT[0m
  ↳ app/controllers/application_controller.rb:32:in `current_user'
  [1m[35m (0.2ms)[0m  [1m[35mBEGIN[0m
  ↳ app/controllers/api/notes_controller.rb:13:in `create'
  [1m[36mNote Create (0.9ms)[0m  [1m[32mINSERT INTO "notes" ("title", "note_description", "user_id", "created_at", "updated_at") VALUES ($1, $2, $3, $4, $5) RETURNING "id"[0m  [["title", "title example by postman"], ["note_description", "Description example by postman"], ["user_id", 1], ["created_at", "2020-12-23 00:57:26.665916"], ["updated_at", "2020-12-23 00:57:26.665916"]]
  ↳ app/controllers/api/notes_controller.rb:13:in `create'
  [1m[35m (43.9ms)[0m  [1m[35mCOMMIT[0m
  ↳ app/controllers/api/notes_controller.rb:13:in `create'
  [1m[36mNote Load (0.7ms)[0m  [1m[34mSELECT "notes".* FROM "notes" WHERE "notes"."user_id" = $1 AND "notes"."status" = $2 ORDER BY "notes"."updated_at" DESC LIMIT $3 OFFSET $4[0m  [["user_id", 1], ["status", "Active"], ["LIMIT", 30], ["OFFSET", 0]]
  ↳ app/controllers/api/notes_controller.rb:63:in `renderize_json'
Completed 201 Created in 190ms (Views: 0.9ms | ActiveRecord: 119.5ms | Allocations: 16001)


Started POST "/api/notes" for ::1 at 2020-12-22 20:57:48 -0400
Processing by Api::NotesController#create as */*
  Parameters: {"note"=>{"title"=>"title example by postman 2", "note_description"=>"Description example by postman 2"}}
  [1m[36mUser Load (0.4ms)[0m  [1m[34mSELECT "users".* FROM "users" WHERE "users"."id" = $1 LIMIT $2[0m  [["id", 1], ["LIMIT", 1]]
  ↳ app/controllers/application_controller.rb:32:in `current_user'
  [1m[35m (0.2ms)[0m  [1m[35mBEGIN[0m
  ↳ app/controllers/application_controller.rb:32:in `current_user'
  [1m[36mUser Update (0.4ms)[0m  [1m[33mUPDATE "users" SET "current_sign_in_at" = $1, "last_sign_in_at" = $2, "sign_in_count" = $3, "updated_at" = $4 WHERE "users"."id" = $5[0m  [["current_sign_in_at", "2020-12-23 00:57:48.971842"], ["last_sign_in_at", "2020-12-23 00:57:26.538143"], ["sign_in_count", 3], ["updated_at", "2020-12-23 00:57:48.972419"], ["id", 1]]
  ↳ app/controllers/application_controller.rb:32:in `current_user'
  [1m[35m (35.9ms)[0m  [1m[35mCOMMIT[0m
  ↳ app/controllers/application_controller.rb:32:in `current_user'
  [1m[35m (0.1ms)[0m  [1m[35mBEGIN[0m
  ↳ app/controllers/api/notes_controller.rb:13:in `create'
  [1m[36mNote Create (0.5ms)[0m  [1m[32mINSERT INTO "notes" ("title", "note_description", "user_id", "created_at", "updated_at") VALUES ($1, $2, $3, $4, $5) RETURNING "id"[0m  [["title", "title example by postman 2"], ["note_description", "Description example by postman 2"], ["user_id", 1], ["created_at", "2020-12-23 00:57:49.025214"], ["updated_at", "2020-12-23 00:57:49.025214"]]
  ↳ app/controllers/api/notes_controller.rb:13:in `create'
  [1m[35m (43.6ms)[0m  [1m[35mCOMMIT[0m
  ↳ app/controllers/api/notes_controller.rb:13:in `create'
  [1m[36mNote Load (0.5ms)[0m  [1m[34mSELECT "notes".* FROM "notes" WHERE "notes"."user_id" = $1 AND "notes"."status" = $2 ORDER BY "notes"."updated_at" DESC LIMIT $3 OFFSET $4[0m  [["user_id", 1], ["status", "Active"], ["LIMIT", 30], ["OFFSET", 0]]
  ↳ app/controllers/api/notes_controller.rb:63:in `renderize_json'
Completed 201 Created in 120ms (Views: 1.3ms | ActiveRecord: 81.7ms | Allocations: 7697)


Started POST "/api/notes" for ::1 at 2020-12-22 20:57:57 -0400
Processing by Api::NotesController#create as */*
  Parameters: {"note"=>{"title"=>"title example by postman 3", "note_description"=>"Description example by postman 3"}}
  [1m[36mUser Load (0.4ms)[0m  [1m[34mSELECT "users".* FROM "users" WHERE "users"."id" = $1 LIMIT $2[0m  [["id", 1], ["LIMIT", 1]]
  ↳ app/controllers/application_controller.rb:32:in `current_user'
  [1m[35m (0.1ms)[0m  [1m[35mBEGIN[0m
  ↳ app/controllers/application_controller.rb:32:in `current_user'
  [1m[36mUser Update (0.6ms)[0m  [1m[33mUPDATE "users" SET "current_sign_in_at" = $1, "last_sign_in_at" = $2, "sign_in_count" = $3, "updated_at" = $4 WHERE "users"."id" = $5[0m  [["current_sign_in_at", "2020-12-23 00:57:57.706207"], ["last_sign_in_at", "2020-12-23 00:57:48.971842"], ["sign_in_count", 4], ["updated_at", "2020-12-23 00:57:57.706742"], ["id", 1]]
  ↳ app/controllers/application_controller.rb:32:in `current_user'
  [1m[35m (26.8ms)[0m  [1m[35mCOMMIT[0m
  ↳ app/controllers/application_controller.rb:32:in `current_user'
  [1m[35m (0.2ms)[0m  [1m[35mBEGIN[0m
  ↳ app/controllers/api/notes_controller.rb:13:in `create'
  [1m[36mNote Create (0.5ms)[0m  [1m[32mINSERT INTO "notes" ("title", "note_description", "user_id", "created_at", "updated_at") VALUES ($1, $2, $3, $4, $5) RETURNING "id"[0m  [["title", "title example by postman 3"], ["note_description", "Description example by postman 3"], ["user_id", 1], ["created_at", "2020-12-23 00:57:57.749280"], ["updated_at", "2020-12-23 00:57:57.749280"]]
  ↳ app/controllers/api/notes_controller.rb:13:in `create'
  [1m[35m (42.4ms)[0m  [1m[35mCOMMIT[0m
  ↳ app/controllers/api/notes_controller.rb:13:in `create'
  [1m[36mNote Load (0.5ms)[0m  [1m[34mSELECT "notes".* FROM "notes" WHERE "notes"."user_id" = $1 AND "notes"."status" = $2 ORDER BY "notes"."updated_at" DESC LIMIT $3 OFFSET $4[0m  [["user_id", 1], ["status", "Active"], ["LIMIT", 30], ["OFFSET", 0]]
  ↳ app/controllers/api/notes_controller.rb:63:in `renderize_json'
Completed 201 Created in 110ms (Views: 2.0ms | ActiveRecord: 71.5ms | Allocations: 7811)


Started POST "/api/search_notes" for ::1 at 2020-12-22 20:58:16 -0400
  
ActionController::RoutingError (No route matches [POST] "/api/search_notes"):
  
actionpack (6.0.3.4) lib/action_dispatch/middleware/debug_exceptions.rb:36:in `call'
actionpack (6.0.3.4) lib/action_dispatch/middleware/show_exceptions.rb:33:in `call'
railties (6.0.3.4) lib/rails/rack/logger.rb:37:in `call_app'
railties (6.0.3.4) lib/rails/rack/logger.rb:26:in `block in call'
activesupport (6.0.3.4) lib/active_support/tagged_logging.rb:80:in `block in tagged'
activesupport (6.0.3.4) lib/active_support/tagged_logging.rb:28:in `tagged'
activesupport (6.0.3.4) lib/active_support/tagged_logging.rb:80:in `tagged'
railties (6.0.3.4) lib/rails/rack/logger.rb:26:in `call'
actionpack (6.0.3.4) lib/action_dispatch/middleware/remote_ip.rb:81:in `call'
actionpack (6.0.3.4) lib/action_dispatch/middleware/request_id.rb:27:in `call'
rack (2.2.3) lib/rack/runtime.rb:22:in `call'
activesupport (6.0.3.4) lib/active_support/cache/strategy/local_cache_middleware.rb:29:in `call'
actionpack (6.0.3.4) lib/action_dispatch/middleware/executor.rb:14:in `call'
actionpack (6.0.3.4) lib/action_dispatch/middleware/static.rb:126:in `call'
rack (2.2.3) lib/rack/sendfile.rb:110:in `call'
actionpack (6.0.3.4) lib/action_dispatch/middleware/host_authorization.rb:82:in `call'
rack-cors (1.1.1) lib/rack/cors.rb:100:in `call'
railties (6.0.3.4) lib/rails/engine.rb:527:in `call'
puma (4.3.7) lib/puma/configuration.rb:228:in `call'
puma (4.3.7) lib/puma/server.rb:713:in `handle_request'
puma (4.3.7) lib/puma/server.rb:472:in `process_client'
puma (4.3.7) lib/puma/server.rb:328:in `block in run'
puma (4.3.7) lib/puma/thread_pool.rb:134:in `block in spawn_thread'
Started GET "/api/notes/?page=1&per_page=10" for ::1 at 2020-12-22 20:58:45 -0400
Processing by Api::NotesController#index as */*
  Parameters: {"page"=>"1", "per_page"=>"10", "note"=>{}}
  [1m[36mUser Load (0.3ms)[0m  [1m[34mSELECT "users".* FROM "users" WHERE "users"."id" = $1 LIMIT $2[0m  [["id", 1], ["LIMIT", 1]]
  ↳ app/controllers/application_controller.rb:32:in `current_user'
  [1m[35m (0.2ms)[0m  [1m[35mBEGIN[0m
  ↳ app/controllers/application_controller.rb:32:in `current_user'
  [1m[36mUser Update (0.7ms)[0m  [1m[33mUPDATE "users" SET "current_sign_in_at" = $1, "last_sign_in_at" = $2, "sign_in_count" = $3, "updated_at" = $4 WHERE "users"."id" = $5[0m  [["current_sign_in_at", "2020-12-23 00:58:45.097176"], ["last_sign_in_at", "2020-12-23 00:57:57.706207"], ["sign_in_count", 5], ["updated_at", "2020-12-23 00:58:45.097572"], ["id", 1]]
  ↳ app/controllers/application_controller.rb:32:in `current_user'
  [1m[35m (36.3ms)[0m  [1m[35mCOMMIT[0m
  ↳ app/controllers/application_controller.rb:32:in `current_user'
  [1m[36mNote Load (0.3ms)[0m  [1m[34mSELECT "notes".* FROM "notes" WHERE "notes"."user_id" = $1 AND "notes"."status" = $2 ORDER BY "notes"."updated_at" DESC LIMIT $3 OFFSET $4[0m  [["user_id", 1], ["status", "Active"], ["LIMIT", 10], ["OFFSET", 0]]
  ↳ app/controllers/api/notes_controller.rb:63:in `renderize_json'
Completed 200 OK in 67ms (Views: 0.6ms | ActiveRecord: 37.9ms | Allocations: 5310)


Started POST "/api/login" for ::1 at 2020-12-22 21:24:48 -0400
  [1m[35m (0.8ms)[0m  [1m[34mSELECT "schema_migrations"."version" FROM "schema_migrations" ORDER BY "schema_migrations"."version" ASC[0m
Processing by Api::SessionsController#create as */*
  Parameters: {"user"=>{"login"=>"usertest2", "password"=>"[FILTERED]"}, "session"=>{"user"=>{"login"=>"usertest2", "password"=>"[FILTERED]"}}}
  [1m[36mUser Load (0.8ms)[0m  [1m[34mSELECT "users".* FROM "users" WHERE (lower(username) = 'usertest2' OR lower(email) = 'usertest2') ORDER BY "users"."id" ASC LIMIT $1[0m  [["LIMIT", 1]]
  ↳ app/models/user.rb:50:in `find_for_database_authentication'
  [1m[35m (0.1ms)[0m  [1m[35mBEGIN[0m
  ↳ app/controllers/api/sessions_controller.rb:19:in `create'
  [1m[36mUser Update (0.5ms)[0m  [1m[33mUPDATE "users" SET "current_sign_in_at" = $1, "last_sign_in_at" = $2, "sign_in_count" = $3, "updated_at" = $4 WHERE "users"."id" = $5[0m  [["current_sign_in_at", "2020-12-23 01:24:49.079860"], ["last_sign_in_at", "2020-12-23 00:58:45.097176"], ["sign_in_count", 6], ["updated_at", "2020-12-23 01:24:49.080548"], ["id", 1]]
  ↳ app/controllers/api/sessions_controller.rb:19:in `create'
  [1m[35m (12.3ms)[0m  [1m[35mCOMMIT[0m
  ↳ app/controllers/api/sessions_controller.rb:19:in `create'
Completed 200 OK in 338ms (Views: 0.9ms | ActiveRecord: 18.2ms | Allocations: 18477)


Started GET "/api/notes/?page=1&per_page=10" for ::1 at 2020-12-22 21:24:49 -0400
Processing by Api::NotesController#index as */*
  Parameters: {"page"=>"1", "per_page"=>"10", "note"=>{}}
  [1m[36mUser Load (0.4ms)[0m  [1m[34mSELECT "users".* FROM "users" WHERE "users"."id" = $1 LIMIT $2[0m  [["id", 1], ["LIMIT", 1]]
  ↳ app/controllers/application_controller.rb:32:in `current_user'
  [1m[35m (0.2ms)[0m  [1m[35mBEGIN[0m
  ↳ app/controllers/application_controller.rb:32:in `current_user'
  [1m[36mUser Update (0.5ms)[0m  [1m[33mUPDATE "users" SET "current_sign_in_at" = $1, "last_sign_in_at" = $2, "sign_in_count" = $3, "updated_at" = $4 WHERE "users"."id" = $5[0m  [["current_sign_in_at", "2020-12-23 01:24:49.184730"], ["last_sign_in_at", "2020-12-23 01:24:49.079860"], ["sign_in_count", 7], ["updated_at", "2020-12-23 01:24:49.185200"], ["id", 1]]
  ↳ app/controllers/application_controller.rb:32:in `current_user'
  [1m[35m (7.1ms)[0m  [1m[35mCOMMIT[0m
  ↳ app/controllers/application_controller.rb:32:in `current_user'
  [1m[36mNote Load (0.6ms)[0m  [1m[34mSELECT "notes".* FROM "notes" WHERE "notes"."user_id" = $1 AND "notes"."status" = $2 ORDER BY "notes"."updated_at" DESC LIMIT $3 OFFSET $4[0m  [["user_id", 1], ["status", "Active"], ["LIMIT", 10], ["OFFSET", 0]]
  ↳ app/controllers/api/notes_controller.rb:63:in `renderize_json'
Completed 200 OK in 44ms (Views: 1.2ms | ActiveRecord: 14.7ms | Allocations: 10808)


Started DELETE "/api/logout" for ::1 at 2020-12-22 21:24:56 -0400
Processing by Api::SessionsController#destroy as */*
  Parameters: {"session"=>{}}
  [1m[36mUser Load (0.4ms)[0m  [1m[34mSELECT "users".* FROM "users" WHERE "users"."id" = $1 LIMIT $2[0m  [["id", 1], ["LIMIT", 1]]
  ↳ app/controllers/api/sessions_controller.rb:46:in `revoke_token'
  [1m[35m (31.6ms)[0m  [1m[32mINSERT INTO jwt_blacklist (jti, exp, created_at, updated_at) VALUES ('608c4887-e1c1-49a2-a7f3-c8c62b473a05', '2020-12-23 05:24:49 -0400', '2020-12-23 01:24:56', '2020-12-23 01:24:56');[0m
  ↳ app/controllers/api/sessions_controller.rb:51:in `revoke_token'
Completed 200 OK in 40ms (Views: 0.3ms | ActiveRecord: 32.0ms | Allocations: 2425)


  [1m[36mCACHE User Load (0.0ms)[0m  [1m[34mSELECT "users".* FROM "users" WHERE "users"."id" = $1 LIMIT $2[0m  [["id", 1], ["LIMIT", 1]]
  [1m[36mUser Update (3.7ms)[0m  [1m[33mUPDATE "users" SET "jti" = $1 WHERE "users"."id" = $2[0m  [["jti", "25245bc4-385c-4153-bda0-e9bb691cb59b"], ["id", 1]]
